********************************************************************************
DUPLICATOR-LITE PACKAGE-LOG: 2017-09-20 19:21:30
NOTICE: Do NOT post to public sites or forums 
********************************************************************************
VERSION:	1.2.24
WORDPRESS:	4.8.2
PHP INFO:	7.0.9 | SAPI: apache2handler
SERVER:		Apache/2.4.23 (Win32) OpenSSL/1.0.2h PHP/7.0.9 
PHP TIME LIMIT: (0) no time limit imposed 
PHP MAX MEMORY: 2048M (128M default) 
MEMORY STACK: 2MB 

********************************************************************************
DATABASE:
********************************************************************************
BUILD MODE:   MYSQLDUMP
MYSQLTIMEOUT: 5000
MYSQLDUMP:    Is Supported 
FILTERED: [] 
RESPONSE: Ran from C:/xampp/mysql/bin/mysqldump.exe 
TABLES: total:22 | filtered:0 | create:22 
SQL CREATED: 20170920_bunerchildrenhospital_f458bdf2051ebe2f9842170920191945_database.sql 
SQL FILE SIZE: 482.94KB (494533) 
SQL FILE TIME: 2017-09-20 19:21:32 
SQL RUNTIME: 1.69 sec. 

******************************************************************************** 
ARCHIVE (ZIP): 
******************************************************************************** 
ARCHIVE DIR:  C:/xampp/htdocs/alijan 
ARCHIVE FILE: 20170920_bunerchildrenhospital_f458bdf2051ebe2f9842170920191945_archive.zip 
FILTERS: *OFF* 
DIRS:
	not set 
FILES:
	not set 
EXTS:  not set 
---------------------------------------- 
COMPRESSING 
SIZE:	61.3MB 
STATS:	Dirs 616 | Files 3,936 
SQL ADDED: 20170920_bunerchildrenhospital_f458bdf2051ebe2f9842170920191945_database.sql 
ZipArchive Object
(
    [status] => 0
    [statusSys] => 0
    [numFiles] => 4552
    [filename] => C:\xampp\htdocs\alijan\wp-snapshots\tmp\20170920_bunerchildrenhospital_f458bdf2051ebe2f9842170920191945_archive.zip
    [comment] => 
)
 
COMPRESSION RESULT: '1' 
COMPRESSED SIZE: 31.57MB 
ARCHIVE RUNTIME: 131.90 sec. 
MEMORY STACK: 2MB 

******************************************************************************** 
MAKE INSTALLER: 
******************************************************************************** 
Build Start 
Build Finished 
Preping for use 
PACK SIZE:  
Template parsed with new data 
Complete [C:/xampp/htdocs/alijan/wp-snapshots/tmp/20170920_bunerchildrenhospital_f458bdf2051ebe2f9842170920191945_installer.php] 
Added to archive 

******************************************************************************** 
INTEGRITY CHECKS: 
******************************************************************************** 
SQL File: 482.94KB 
Installer File: 435.02KB 
Archive File: 31.57MB  

********************************************************************************
RECORD ID:[1]
TOTAL PROCESS RUNTIME: 146.35 sec.
PEAK PHP MEMORY USED: 4MB
DONE PROCESSING => 20170920_bunerchildrenhospital 2017-09-20 19:23:56
 
